=================================
🔍 Progress Monitor - 2026-05-17 12:08:39
=================================
✅ Process running (PID: 61533
61535)

📊 Progress Summary:
   Timestamp: 2026-05-17T12:06:08.519653
   Completed: 1/122 (0.8%)
   Failed: 71
   Pending: 50
   Elapsed: 2.4 minutes
   Estimated remaining: 1.7 minutes

✅ Successful modules:
   - kernel_types

=================================
🔍 Progress Monitor - 2026-05-17 12:08:56
=================================
✅ Process running (PID: 61533
61535)

📊 Progress Summary:
   Timestamp: 2026-05-17T12:06:08.519653
   Completed: 1/122 (0.8%)
   Failed: 79
   Pending: 42
   Elapsed: 2.7 minutes
   Estimated remaining: 1.4 minutes

✅ Successful modules:
   - kernel_types

=================================
🔍 Progress Monitor - 2026-05-17 12:09:16
=================================
✅ Process running (PID: 61533
61535)

📊 Progress Summary:
   Timestamp: 2026-05-17T12:06:08.519653
   Completed: 1/122 (0.8%)
   Failed: 91
   Pending: 30
   Elapsed: 3.1 minutes
   Estimated remaining: 1.0 minutes

✅ Successful modules:
   - kernel_types

=================================
🔍 Progress Monitor - 2026-05-17 12:10:31
=================================
✅ Process running (PID: 68673)
⏳ Waiting for first checkpoint...
=================================
🔍 Progress Monitor - 2026-05-17 12:10:50
=================================
✅ Process running (PID: 68673)

📊 Progress Summary:
   Timestamp: 2026-05-17T12:10:29.945441
   Completed: 0/122 (0.0%)
   Failed: 8
   Pending: 114
   Elapsed: 0.3 minutes

=================================
🔍 Progress Monitor - 2026-05-17 12:15:31
=================================
❌ Monitor not running!
=================================
🔍 Progress Monitor - 2026-05-17 12:19:26
=================================
❌ Monitor not running!
