🚀 Starting continuous monitoring (every 5 minutes)
📍 Press Ctrl+C to stop

=================================
🔍 Progress Monitor - 2026-05-17 12:10:31
=================================
✅ Process running (PID: 68673)
⏳ Waiting for first checkpoint...
=================================
🔍 Progress Monitor - 2026-05-17 12:15:31
=================================
❌ Monitor not running!

✅ Process completed or stopped

=================================
📊 FINAL RESULTS
=================================
✅ Successful: 1
❌ Failed: 121
📈 Success Rate: 0.8%

📄 Check final report:
   cat /Users/xcallens/rust-linux-mini-kernel/benchmarks/results/final_improvement_report.md
